Determining if the pthread_create exist failed with the following output:
Change Dir: /home/pepe/melendez_ws/build/CMakeFiles/CMakeTmp

Run Build Command:"/usr/bin/make" "cmTryCompileExec3830814595/fast"
/usr/bin/make -f CMakeFiles/cmTryCompileExec3830814595.dir/build.make CMakeFiles/cmTryCompileExec3830814595.dir/build
make[1]: Entering directory `/home/pepe/melendez_ws/build/CMakeFiles/CMakeTmp'
/usr/bin/cmake -E cmake_progress_report /home/pepe/melendez_ws/build/CMakeFiles/CMakeTmp/CMakeFiles 1
Building C object CMakeFiles/cmTryCompileExec3830814595.dir/CheckSymbolExists.c.o
/usr/bin/cc    -o CMakeFiles/cmTryCompileExec3830814595.dir/CheckSymbolExists.c.o   -c /home/pepe/melendez_ws/build/CMakeFiles/CMakeTmp/CheckSymbolExists.c
Linking C executable cmTryCompileExec3830814595
/usr/bin/cmake -E cmake_link_script CMakeFiles/cmTryCompileExec3830814595.dir/link.txt --verbose=1
/usr/bin/cc       CMakeFiles/cmTryCompileExec3830814595.dir/CheckSymbolExists.c.o  -o cmTryCompileExec3830814595 -rdynamic 
CMakeFiles/cmTryCompileExec3830814595.dir/CheckSymbolExists.c.o: In function `main':
CheckSymbolExists.c:(.text+0xa): undefined reference to `pthread_create'
collect2: error: ld returned 1 exit status
make[1]: Leaving directory `/home/pepe/melendez_ws/build/CMakeFiles/CMakeTmp'
make[1]: *** [cmTryCompileExec3830814595] Error 1
make: *** [cmTryCompileExec3830814595/fast] Error 2

File /home/pepe/melendez_ws/build/CMakeFiles/CMakeTmp/CheckSymbolExists.c:
/* */
#include <pthread.h>

int main(int argc, char** argv)
{
  (void)argv;
#ifndef pthread_create
  return ((int*)(&pthread_create))[argc];
#else
  (void)argc;
  return 0;
#endif
}

Determining if the function pthread_create exists in the pthreads failed with the following output:
Change Dir: /home/pepe/melendez_ws/build/CMakeFiles/CMakeTmp

Run Build Command:"/usr/bin/make" "cmTryCompileExec1397513870/fast"
/usr/bin/make -f CMakeFiles/cmTryCompileExec1397513870.dir/build.make CMakeFiles/cmTryCompileExec1397513870.dir/build
make[1]: Entering directory `/home/pepe/melendez_ws/build/CMakeFiles/CMakeTmp'
/usr/bin/cmake -E cmake_progress_report /home/pepe/melendez_ws/build/CMakeFiles/CMakeTmp/CMakeFiles 1
Building C object CMakeFiles/cmTryCompileExec1397513870.dir/CheckFunctionExists.c.o
/usr/bin/cc   -DCHECK_FUNCTION_EXISTS=pthread_create   -o CMakeFiles/cmTryCompileExec1397513870.dir/CheckFunctionExists.c.o   -c /usr/share/cmake-3.2/Modules/CheckFunctionExists.c
Linking C executable cmTryCompileExec1397513870
/usr/bin/cmake -E cmake_link_script CMakeFiles/cmTryCompileExec1397513870.dir/link.txt --verbose=1
/usr/bin/cc   -DCHECK_FUNCTION_EXISTS=pthread_create    CMakeFiles/cmTryCompileExec1397513870.dir/CheckFunctionExists.c.o  -o cmTryCompileExec1397513870 -rdynamic -lpthreads 
/usr/bin/ld: cannot find -lpthreads
collect2: error: ld returned 1 exit status
make[1]: Leaving directory `/home/pepe/melendez_ws/build/CMakeFiles/CMakeTmp'
make[1]: *** [cmTryCompileExec1397513870] Error 1
make: *** [cmTryCompileExec1397513870/fast] Error 2


